Flow report for lab07
Sat Jun 21 20:43:03 2025
Quartus Prime Version 18.1.0 Build 625 09/12/2018 SJ Lite Edition


---------------------
; Table of Contents ;
---------------------
  1. Legal Notice
  2. Flow Summary
  3. Flow Settings
  4. Flow Non-Default Global Settings
  5. Flow Elapsed Time
  6. Flow OS Summary
  7. Flow Log
  8. Flow Messages
  9. Flow Suppressed Messages



----------------
; Legal Notice ;
----------------
Copyright (C) 2018  Intel Corporation. All rights reserved.
Your use of Intel Corporation's design tools, logic functions 
and other software and tools, and its AMPP partner logic 
functions, and any output files from any of the foregoing 
(including device programming or simulation files), and any 
associated documentation or information are expressly subject 
to the terms and conditions of the Intel Program License 
Subscription Agreement, the Intel Quartus Prime License Agreement,
the Intel FPGA IP License Agreement, or other applicable license
agreement, including, without limitation, that your use is for
the sole purpose of programming logic devices manufactured by
Intel and sold by Intel or its authorized distributors.  Please
refer to the applicable agreement for further details.



+----------------------------------------------------------------------------------+
; Flow Summary                                                                     ;
+------------------------------------+---------------------------------------------+
; Flow Status                        ; Successful - Sat Jun 21 20:43:03 2025       ;
; Quartus Prime Version              ; 18.1.0 Build 625 09/12/2018 SJ Lite Edition ;
; Revision Name                      ; lab07                                       ;
; Top-level Entity Name              ; lab07toptemp                                ;
; Family                             ; MAX 10                                      ;
; Device                             ; 10M50DAF484C7G                              ;
; Timing Models                      ; Final                                       ;
; Total logic elements               ; 87 / 49,760 ( < 1 % )                       ;
;     Total combinational functions  ; 84 / 49,760 ( < 1 % )                       ;
;     Dedicated logic registers      ; 26 / 49,760 ( < 1 % )                       ;
; Total registers                    ; 26                                          ;
; Total pins                         ; 57 / 360 ( 16 % )                           ;
; Total virtual pins                 ; 0                                           ;
; Total memory bits                  ; 4,096 / 1,677,312 ( < 1 % )                 ;
; Embedded Multiplier 9-bit elements ; 0 / 288 ( 0 % )                             ;
; Total PLLs                         ; 0 / 4 ( 0 % )                               ;
; UFM blocks                         ; 0 / 1 ( 0 % )                               ;
; ADC blocks                         ; 0 / 2 ( 0 % )                               ;
+------------------------------------+---------------------------------------------+


+-----------------------------------------+
; Flow Settings                           ;
+-------------------+---------------------+
; Option            ; Setting             ;
+-------------------+---------------------+
; Start date & time ; 06/21/2025 20:41:40 ;
; Main task         ; Compilation         ;
; Revision Name     ; lab07               ;
+-------------------+---------------------+


+--------------------------------------------------------------------------------------------------------------------------+
; Flow Non-Default Global Settings                                                                                         ;
+-------------------------------------+----------------------------------------+---------------+--------------+------------+
; Assignment Name                     ; Value                                  ; Default Value ; Entity Name  ; Section Id ;
+-------------------------------------+----------------------------------------+---------------+--------------+------------+
; COMPILER_SIGNATURE_ID               ; 154691467152588.175054930006684        ; --            ; --           ; --         ;
; MAX_CORE_JUNCTION_TEMP              ; 85                                     ; --            ; --           ; --         ;
; MIN_CORE_JUNCTION_TEMP              ; 0                                      ; --            ; --           ; --         ;
; MISC_FILE                           ; rom.bsf                                ; --            ; --           ; --         ;
; MISC_FILE                           ; rom.cmp                                ; --            ; --           ; --         ;
; MISC_FILE                           ; rom2.bsf                               ; --            ; --           ; --         ;
; MISC_FILE                           ; rom2.cmp                               ; --            ; --           ; --         ;
; OUTPUT_IO_TIMING_FAR_END_VMEAS      ; Half Signal Swing                      ; --            ; --           ; --         ;
; OUTPUT_IO_TIMING_FAR_END_VMEAS      ; Half Signal Swing                      ; --            ; --           ; --         ;
; OUTPUT_IO_TIMING_NEAR_END_VMEAS     ; Half Vccio                             ; --            ; --           ; --         ;
; OUTPUT_IO_TIMING_NEAR_END_VMEAS     ; Half Vccio                             ; --            ; --           ; --         ;
; PARTITION_COLOR                     ; -- (Not supported for targeted family) ; --            ; lab07toptemp ; Top        ;
; PARTITION_FITTER_PRESERVATION_LEVEL ; -- (Not supported for targeted family) ; --            ; lab07toptemp ; Top        ;
; PARTITION_NETLIST_TYPE              ; -- (Not supported for targeted family) ; --            ; lab07toptemp ; Top        ;
; POWER_BOARD_THERMAL_MODEL           ; None (CONSERVATIVE)                    ; --            ; --           ; --         ;
; POWER_PRESET_COOLING_SOLUTION       ; 23 MM HEAT SINK WITH 200 LFPM AIRFLOW  ; --            ; --           ; --         ;
; PROJECT_OUTPUT_DIRECTORY            ; output_files                           ; --            ; --           ; --         ;
; TOP_LEVEL_ENTITY                    ; lab07toptemp                           ; lab07         ; --           ; --         ;
+-------------------------------------+----------------------------------------+---------------+--------------+------------+


+--------------------------------------------------------------------------------------------------------------------------+
; Flow Elapsed Time                                                                                                        ;
+----------------------+--------------+-------------------------+---------------------+------------------------------------+
; Module Name          ; Elapsed Time ; Average Processors Used ; Peak Virtual Memory ; Total CPU Time (on all processors) ;
+----------------------+--------------+-------------------------+---------------------+------------------------------------+
; Analysis & Synthesis ; 00:00:11     ; 1.0                     ; 4859 MB             ; 00:00:17                           ;
; Fitter               ; 00:00:08     ; 1.1                     ; 6050 MB             ; 00:00:13                           ;
; Assembler            ; 00:00:02     ; 1.0                     ; 4685 MB             ; 00:00:02                           ;
; Timing Analyzer      ; 00:00:02     ; 1.1                     ; 4896 MB             ; 00:00:02                           ;
; EDA Netlist Writer   ; 00:00:01     ; 1.0                     ; 4632 MB             ; 00:00:01                           ;
; EDA Netlist Writer   ; 00:00:01     ; 1.0                     ; 4654 MB             ; 00:00:01                           ;
; EDA Netlist Writer   ; 00:00:01     ; 1.0                     ; 4632 MB             ; 00:00:01                           ;
; EDA Netlist Writer   ; 00:00:01     ; 1.0                     ; 4654 MB             ; 00:00:01                           ;
; Total                ; 00:00:27     ; --                      ; --                  ; 00:00:38                           ;
+----------------------+--------------+-------------------------+---------------------+------------------------------------+


+------------------------------------------------------------------------------------+
; Flow OS Summary                                                                    ;
+----------------------+------------------+------------+------------+----------------+
; Module Name          ; Machine Hostname ; OS Name    ; OS Version ; Processor type ;
+----------------------+------------------+------------+------------+----------------+
; Analysis & Synthesis ; GalaxyBook_Gui   ; Windows 10 ; 10.0       ; x86_64         ;
; Fitter               ; GalaxyBook_Gui   ; Windows 10 ; 10.0       ; x86_64         ;
; Assembler            ; GalaxyBook_Gui   ; Windows 10 ; 10.0       ; x86_64         ;
; Timing Analyzer      ; GalaxyBook_Gui   ; Windows 10 ; 10.0       ; x86_64         ;
; EDA Netlist Writer   ; GalaxyBook_Gui   ; Windows 10 ; 10.0       ; x86_64         ;
; EDA Netlist Writer   ; GalaxyBook_Gui   ; Windows 10 ; 10.0       ; x86_64         ;
; EDA Netlist Writer   ; GalaxyBook_Gui   ; Windows 10 ; 10.0       ; x86_64         ;
; EDA Netlist Writer   ; GalaxyBook_Gui   ; Windows 10 ; 10.0       ; x86_64         ;
+----------------------+------------------+------------+------------+----------------+


------------
; Flow Log ;
------------
quartus_map --read_settings_files=on --write_settings_files=off lab07 -c lab07
quartus_fit --read_settings_files=off --write_settings_files=off lab07 -c lab07
quartus_asm --read_settings_files=off --write_settings_files=off lab07 -c lab07
quartus_sta lab07 -c lab07
quartus_eda --gen_testbench --tool=modelsim_oem --format=vhdl --write_settings_files=off lab07 -c lab07 --vector_source=C:/PROJETOS2/LAB07/Waveform6.vwf --testbench_file=C:/PROJETOS2/LAB07/simulation/qsim/Waveform6.vwf.vht
quartus_eda --write_settings_files=off --simulation=on --functional=on --flatten_buses=off --tool=modelsim_oem --format=vhdl --output_directory=C:/PROJETOS2/LAB07/simulation/qsim/ lab07 -c lab07
quartus_eda --gen_testbench --tool=modelsim_oem --format=vhdl --write_settings_files=off lab07 -c lab07 --vector_source=C:/PROJETOS2/LAB07/Waveform6.vwf --testbench_file=C:/PROJETOS2/LAB07/simulation/qsim/Waveform6.vwf.vht
quartus_eda --write_settings_files=off --simulation=on --functional=on --flatten_buses=off --tool=modelsim_oem --format=vhdl --output_directory=C:/PROJETOS2/LAB07/simulation/qsim/ lab07 -c lab07



